<?xml version="1.0" encoding="UTF-8"?>
<!-- Generated by org.testng.reporters.JUnitReportReporter -->
<testsuite hostname="Ravichandra" name="ravichandra.dBConnection" tests="1" failures="0" timestamp="21 Jan 2020 11:00:17 GMT" time="0.344" errors="0">
  <testcase name="conTest" time="0.344" classname="ravichandra.dBConnection"/>
</testsuite> <!-- ravichandra.dBConnection -->
