<?xml version="1.0" encoding="UTF-8"?>
<!-- Generated by org.testng.reporters.JUnitReportReporter -->
<testsuite hostname="Ravichandra" name="ravichandra.DemoB" tests="1" failures="0" timestamp="21 Jan 2020 11:07:24 GMT" time="0.432" errors="0">
  <testcase name="conTest" time="0.432" classname="ravichandra.DemoB"/>
</testsuite> <!-- ravichandra.DemoB -->
