<?xml version="1.0" encoding="UTF-8"?>
<!-- Generated by org.testng.reporters.JUnitReportReporter -->
<testsuite hostname="Ravichandra" name="ravichandra.Insert" tests="1" failures="0" timestamp="21 Jan 2020 11:27:18 GMT" time="0.389" errors="0">
  <testcase name="conTest" time="0.389" classname="ravichandra.Insert"/>
</testsuite> <!-- ravichandra.Insert -->
